<?xml version="1.0" encoding="UTF-8"?>
<!-- Generated by org.testng.reporters.JUnitXMLReporter -->
<testsuite hostname="DESKTOP-OS9HIGU" name="Test" tests="1" failures="1" timestamp="27 May 2020 19:01:58 GMT" time="24.562" errors="0">
  <testcase name="verifylinks" time="10.602" classname="com.testcase.Hyperlinkverify">
    <failure type="java.lang.NullPointerException">
      <![CDATA[java.lang.NullPointerException
	at com.objectrepo.Objectrepository.verifyhyperLinks(Objectrepository.java:36)
	at com.testcase.Hyperlinkverify.verifylinks(Hyperlinkverify.java:12)
... Removed 24 stack frames]]>
    </failure>
  </testcase> <!-- verifylinks -->
</testsuite> <!-- Test -->
